d:\1uno1\diit\year1\prac\week2_full\week2\debug\vc142.pdb
d:\1uno1\diit\year1\prac\week2_full\week2\debug\.netframework,version=v4.7.2.assemblyattributes.obj
d:\1uno1\diit\year1\prac\week2_full\week2\debug\.netframework,version=v4.7.2.assemblyattributes.asm
d:\1uno1\diit\year1\prac\week2_full\week2\debug\week2.exe
d:\1uno1\diit\year1\prac\week2_full\week2\debug\week2.pdb
d:\1uno1\diit\year1\prac\week2_full\week2\debug\week2.myform.resources
d:\1uno1\diit\year1\prac\week2_full\week2\debug\week2.vcxproj.generateresource.cache
d:\1uno1\diit\year1\prac\week2_full\week2\debug\week2.vcxprojassemblyreference.cache
d:\1uno1\diit\year1\prac\week2_full\week2\debug\math.obj
d:\1uno1\diit\year1\prac\week2_full\week2\debug\myform.obj
d:\1uno1\diit\year1\prac\week2_full\week2\debug\week2.exe.metagen
d:\1uno1\diit\year1\prac\week2_full\week2\debug\week2.tlog\cl.command.1.tlog
d:\1uno1\diit\year1\prac\week2_full\week2\debug\week2.tlog\cl.read.1.tlog
d:\1uno1\diit\year1\prac\week2_full\week2\debug\week2.tlog\cl.write.1.tlog
d:\1uno1\diit\year1\prac\week2_full\week2\debug\week2.tlog\link.10120.delete.1.tlog
d:\1uno1\diit\year1\prac\week2_full\week2\debug\week2.tlog\link.10700.delete.1.tlog
d:\1uno1\diit\year1\prac\week2_full\week2\debug\week2.tlog\link.1080.delete.1.tlog
d:\1uno1\diit\year1\prac\week2_full\week2\debug\week2.tlog\link.1124.delete.1.tlog
d:\1uno1\diit\year1\prac\week2_full\week2\debug\week2.tlog\link.11360.delete.1.tlog
d:\1uno1\diit\year1\prac\week2_full\week2\debug\week2.tlog\link.11604.delete.1.tlog
d:\1uno1\diit\year1\prac\week2_full\week2\debug\week2.tlog\link.11672.delete.1.tlog
d:\1uno1\diit\year1\prac\week2_full\week2\debug\week2.tlog\link.1176.delete.1.tlog
d:\1uno1\diit\year1\prac\week2_full\week2\debug\week2.tlog\link.12156.delete.1.tlog
d:\1uno1\diit\year1\prac\week2_full\week2\debug\week2.tlog\link.12252.delete.1.tlog
d:\1uno1\diit\year1\prac\week2_full\week2\debug\week2.tlog\link.12816.delete.1.tlog
d:\1uno1\diit\year1\prac\week2_full\week2\debug\week2.tlog\link.13180.delete.1.tlog
d:\1uno1\diit\year1\prac\week2_full\week2\debug\week2.tlog\link.13320.delete.1.tlog
d:\1uno1\diit\year1\prac\week2_full\week2\debug\week2.tlog\link.14196.delete.1.tlog
d:\1uno1\diit\year1\prac\week2_full\week2\debug\week2.tlog\link.14220.delete.1.tlog
d:\1uno1\diit\year1\prac\week2_full\week2\debug\week2.tlog\link.1424.delete.1.tlog
d:\1uno1\diit\year1\prac\week2_full\week2\debug\week2.tlog\link.14380.delete.1.tlog
d:\1uno1\diit\year1\prac\week2_full\week2\debug\week2.tlog\link.14476.delete.1.tlog
d:\1uno1\diit\year1\prac\week2_full\week2\debug\week2.tlog\link.14528.delete.1.tlog
d:\1uno1\diit\year1\prac\week2_full\week2\debug\week2.tlog\link.14724.delete.1.tlog
d:\1uno1\diit\year1\prac\week2_full\week2\debug\week2.tlog\link.14964.delete.1.tlog
d:\1uno1\diit\year1\prac\week2_full\week2\debug\week2.tlog\link.14976.delete.1.tlog
d:\1uno1\diit\year1\prac\week2_full\week2\debug\week2.tlog\link.15028.delete.1.tlog
d:\1uno1\diit\year1\prac\week2_full\week2\debug\week2.tlog\link.15096.delete.1.tlog
d:\1uno1\diit\year1\prac\week2_full\week2\debug\week2.tlog\link.16180.delete.1.tlog
d:\1uno1\diit\year1\prac\week2_full\week2\debug\week2.tlog\link.16508.delete.1.tlog
d:\1uno1\diit\year1\prac\week2_full\week2\debug\week2.tlog\link.16592.delete.1.tlog
d:\1uno1\diit\year1\prac\week2_full\week2\debug\week2.tlog\link.16776.delete.1.tlog
d:\1uno1\diit\year1\prac\week2_full\week2\debug\week2.tlog\link.16896.delete.1.tlog
d:\1uno1\diit\year1\prac\week2_full\week2\debug\week2.tlog\link.16964.delete.1.tlog
d:\1uno1\diit\year1\prac\week2_full\week2\debug\week2.tlog\link.17040.delete.1.tlog
d:\1uno1\diit\year1\prac\week2_full\week2\debug\week2.tlog\link.17072.delete.1.tlog
d:\1uno1\diit\year1\prac\week2_full\week2\debug\week2.tlog\link.17236.delete.1.tlog
d:\1uno1\diit\year1\prac\week2_full\week2\debug\week2.tlog\link.17376.delete.1.tlog
d:\1uno1\diit\year1\prac\week2_full\week2\debug\week2.tlog\link.17472.delete.1.tlog
d:\1uno1\diit\year1\prac\week2_full\week2\debug\week2.tlog\link.17812.delete.1.tlog
d:\1uno1\diit\year1\prac\week2_full\week2\debug\week2.tlog\link.17988.delete.1.tlog
d:\1uno1\diit\year1\prac\week2_full\week2\debug\week2.tlog\link.18324.delete.1.tlog
d:\1uno1\diit\year1\prac\week2_full\week2\debug\week2.tlog\link.18404.delete.1.tlog
d:\1uno1\diit\year1\prac\week2_full\week2\debug\week2.tlog\link.18584.delete.1.tlog
d:\1uno1\diit\year1\prac\week2_full\week2\debug\week2.tlog\link.19000.delete.1.tlog
d:\1uno1\diit\year1\prac\week2_full\week2\debug\week2.tlog\link.19008.delete.1.tlog
d:\1uno1\diit\year1\prac\week2_full\week2\debug\week2.tlog\link.19216.delete.1.tlog
d:\1uno1\diit\year1\prac\week2_full\week2\debug\week2.tlog\link.19356.delete.1.tlog
d:\1uno1\diit\year1\prac\week2_full\week2\debug\week2.tlog\link.19584.delete.1.tlog
d:\1uno1\diit\year1\prac\week2_full\week2\debug\week2.tlog\link.19720.delete.1.tlog
d:\1uno1\diit\year1\prac\week2_full\week2\debug\week2.tlog\link.19924.delete.1.tlog
d:\1uno1\diit\year1\prac\week2_full\week2\debug\week2.tlog\link.2004.delete.1.tlog
d:\1uno1\diit\year1\prac\week2_full\week2\debug\week2.tlog\link.20316.delete.1.tlog
d:\1uno1\diit\year1\prac\week2_full\week2\debug\week2.tlog\link.20908.delete.1.tlog
d:\1uno1\diit\year1\prac\week2_full\week2\debug\week2.tlog\link.21396.delete.1.tlog
d:\1uno1\diit\year1\prac\week2_full\week2\debug\week2.tlog\link.22108.delete.1.tlog
d:\1uno1\diit\year1\prac\week2_full\week2\debug\week2.tlog\link.22712.delete.1.tlog
d:\1uno1\diit\year1\prac\week2_full\week2\debug\week2.tlog\link.23068.delete.1.tlog
d:\1uno1\diit\year1\prac\week2_full\week2\debug\week2.tlog\link.23312.delete.1.tlog
d:\1uno1\diit\year1\prac\week2_full\week2\debug\week2.tlog\link.23344.delete.1.tlog
d:\1uno1\diit\year1\prac\week2_full\week2\debug\week2.tlog\link.23668.delete.1.tlog
d:\1uno1\diit\year1\prac\week2_full\week2\debug\week2.tlog\link.23756.delete.1.tlog
d:\1uno1\diit\year1\prac\week2_full\week2\debug\week2.tlog\link.23796.delete.1.tlog
d:\1uno1\diit\year1\prac\week2_full\week2\debug\week2.tlog\link.23936.delete.1.tlog
d:\1uno1\diit\year1\prac\week2_full\week2\debug\week2.tlog\link.24520.delete.1.tlog
d:\1uno1\diit\year1\prac\week2_full\week2\debug\week2.tlog\link.24800.delete.1.tlog
d:\1uno1\diit\year1\prac\week2_full\week2\debug\week2.tlog\link.26220.delete.1.tlog
d:\1uno1\diit\year1\prac\week2_full\week2\debug\week2.tlog\link.26540.delete.1.tlog
d:\1uno1\diit\year1\prac\week2_full\week2\debug\week2.tlog\link.26780.delete.1.tlog
d:\1uno1\diit\year1\prac\week2_full\week2\debug\week2.tlog\link.26892.delete.1.tlog
d:\1uno1\diit\year1\prac\week2_full\week2\debug\week2.tlog\link.2716.delete.1.tlog
d:\1uno1\diit\year1\prac\week2_full\week2\debug\week2.tlog\link.27168.delete.1.tlog
d:\1uno1\diit\year1\prac\week2_full\week2\debug\week2.tlog\link.27184.delete.1.tlog
d:\1uno1\diit\year1\prac\week2_full\week2\debug\week2.tlog\link.2744.delete.1.tlog
d:\1uno1\diit\year1\prac\week2_full\week2\debug\week2.tlog\link.27764.delete.1.tlog
d:\1uno1\diit\year1\prac\week2_full\week2\debug\week2.tlog\link.27784.delete.1.tlog
d:\1uno1\diit\year1\prac\week2_full\week2\debug\week2.tlog\link.27820.delete.1.tlog
d:\1uno1\diit\year1\prac\week2_full\week2\debug\week2.tlog\link.28724.delete.1.tlog
d:\1uno1\diit\year1\prac\week2_full\week2\debug\week2.tlog\link.29124.delete.1.tlog
d:\1uno1\diit\year1\prac\week2_full\week2\debug\week2.tlog\link.29172.delete.1.tlog
d:\1uno1\diit\year1\prac\week2_full\week2\debug\week2.tlog\link.29448.delete.1.tlog
d:\1uno1\diit\year1\prac\week2_full\week2\debug\week2.tlog\link.29536.delete.1.tlog
d:\1uno1\diit\year1\prac\week2_full\week2\debug\week2.tlog\link.30252.delete.1.tlog
d:\1uno1\diit\year1\prac\week2_full\week2\debug\week2.tlog\link.30316.delete.1.tlog
d:\1uno1\diit\year1\prac\week2_full\week2\debug\week2.tlog\link.30680.delete.1.tlog
d:\1uno1\diit\year1\prac\week2_full\week2\debug\week2.tlog\link.30696.delete.1.tlog
d:\1uno1\diit\year1\prac\week2_full\week2\debug\week2.tlog\link.30748.delete.1.tlog
d:\1uno1\diit\year1\prac\week2_full\week2\debug\week2.tlog\link.30824.delete.1.tlog
d:\1uno1\diit\year1\prac\week2_full\week2\debug\week2.tlog\link.31028.delete.1.tlog
d:\1uno1\diit\year1\prac\week2_full\week2\debug\week2.tlog\link.31072.delete.1.tlog
d:\1uno1\diit\year1\prac\week2_full\week2\debug\week2.tlog\link.31500.delete.1.tlog
d:\1uno1\diit\year1\prac\week2_full\week2\debug\week2.tlog\link.31648.delete.1.tlog
d:\1uno1\diit\year1\prac\week2_full\week2\debug\week2.tlog\link.31968.delete.1.tlog
d:\1uno1\diit\year1\prac\week2_full\week2\debug\week2.tlog\link.32032.delete.1.tlog
d:\1uno1\diit\year1\prac\week2_full\week2\debug\week2.tlog\link.3772.delete.1.tlog
d:\1uno1\diit\year1\prac\week2_full\week2\debug\week2.tlog\link.4908.delete.1.tlog
d:\1uno1\diit\year1\prac\week2_full\week2\debug\week2.tlog\link.6072.delete.1.tlog
d:\1uno1\diit\year1\prac\week2_full\week2\debug\week2.tlog\link.6988.delete.1.tlog
d:\1uno1\diit\year1\prac\week2_full\week2\debug\week2.tlog\link.7404.delete.1.tlog
d:\1uno1\diit\year1\prac\week2_full\week2\debug\week2.tlog\link.7468.delete.1.tlog
d:\1uno1\diit\year1\prac\week2_full\week2\debug\week2.tlog\link.7568.delete.1.tlog
d:\1uno1\diit\year1\prac\week2_full\week2\debug\week2.tlog\link.7872.delete.1.tlog
d:\1uno1\diit\year1\prac\week2_full\week2\debug\week2.tlog\link.7928.delete.1.tlog
d:\1uno1\diit\year1\prac\week2_full\week2\debug\week2.tlog\link.7988.delete.1.tlog
d:\1uno1\diit\year1\prac\week2_full\week2\debug\week2.tlog\link.8136.delete.1.tlog
d:\1uno1\diit\year1\prac\week2_full\week2\debug\week2.tlog\link.8460.delete.1.tlog
d:\1uno1\diit\year1\prac\week2_full\week2\debug\week2.tlog\link.8548.delete.1.tlog
d:\1uno1\diit\year1\prac\week2_full\week2\debug\week2.tlog\link.8584.delete.1.tlog
d:\1uno1\diit\year1\prac\week2_full\week2\debug\week2.tlog\link.8908.delete.1.tlog
d:\1uno1\diit\year1\prac\week2_full\week2\debug\week2.tlog\link.8956.delete.1.tlog
d:\1uno1\diit\year1\prac\week2_full\week2\debug\week2.tlog\link.9036.delete.1.tlog
d:\1uno1\diit\year1\prac\week2_full\week2\debug\week2.tlog\link.9552.delete.1.tlog
d:\1uno1\diit\year1\prac\week2_full\week2\debug\week2.tlog\link.9704.delete.1.tlog
d:\1uno1\diit\year1\prac\week2_full\week2\debug\week2.tlog\link.command.1.tlog
d:\1uno1\diit\year1\prac\week2_full\week2\debug\week2.tlog\link.read.1.tlog
d:\1uno1\diit\year1\prac\week2_full\week2\debug\week2.tlog\link.write.1.tlog
d:\1uno1\diit\year1\prac\week2_full\week2\debug\week2.tlog\metagen.read.1.tlog
d:\1uno1\diit\year1\prac\week2_full\week2\debug\week2.tlog\metagen.write.1.tlog
d:\1uno1\diit\year1\prac\week2_full\week2\debug\week2.tlog\week2.write.1u.tlog
